<?xml version="1.0" encoding="UTF-8"?>
<testng-results skipped="0" failed="0" ignored="0" total="1" passed="1">
  <reporter-output>
  </reporter-output>
  <suite name="Default suite" duration-ms="2082" started-at="2023-07-30T10:50:53 IST" finished-at="2023-07-30T10:50:56 IST">
    <groups>
    </groups>
    <test name="Default test" duration-ms="2082" started-at="2023-07-30T10:50:53 IST" finished-at="2023-07-30T10:50:56 IST">
      <class name="scenario.Test01">
        <test-method status="PASS" signature="beforeClass()[pri:0, instance:scenario.Test01@1f554b06]" name="beforeClass" is-config="true" duration-ms="5" started-at="2023-07-30T10:50:53 IST" finished-at="2023-07-30T10:50:53 IST">
          <reporter-output>
          </reporter-output>
        </test-method> <!-- beforeClass -->
        <test-method status="PASS" signature="testcase01()[pri:0, instance:scenario.Test01@1f554b06]" name="testcase01" duration-ms="2051" started-at="2023-07-30T10:50:53 IST" finished-at="2023-07-30T10:50:56 IST">
          <reporter-output>
          </reporter-output>
        </test-method> <!-- testcase01 -->
      </class> <!-- scenario.Test01 -->
    </test> <!-- Default test -->
  </suite> <!-- Default suite -->
</testng-results>
